<?xml version="1.0" encoding="UTF-8"?>
<testsuite xmlns:xsi="http://www.w3.org/2001/XMLSchema-instance" xsi:noNamespaceSchemaLocation="https://maven.apache.org/surefire/maven-surefire-plugin/xsd/surefire-test-report.xsd" name="com.ANLA.runner.TestRunner" time="76.841" tests="26" errors="2" skipped="3" failures="0">
  <properties>
[...]
</properties>
  <testcase name="Dado el usario Contratista ingresa a la pagina de la aplicacion GIC" classname="| 79738646 | Anla2020* |" time="0"/>
  <testcase name="Cuando ingresar con Rol Contratista la Identificacion &quot;79738646&quot; y Contrasena &quot;Anla2020*&quot; a GIC" classname="| 79738646 | Anla2020* |" time="0"/>
  <testcase name="Y ingresa al menu Contratista y a la accion Agregar cuenta de Cobro" classname="| 79738646 | Anla2020* |" time="0"/>
  <testcase name="Y ingresa informacion del contrato convenio" classname="| 79738646 | Anla2020* |" time="0.01">
    <error message="No se pudo dar click sobre el elemento:  Proxy element for: DefaultElementLocator &apos;By.id: mat-option-22&apos;" type="java.lang.Exception">java.lang.Exception: No se pudo dar click sobre el elemento:  Proxy element for: DefaultElementLocator 'By.id: mat-option-22'
</error>
    <system-out><![CDATA[Se toma Camputa de la pantalla: Captura_GIC_Cuenta_De_Cobro
Se dio click sobre el elemento: [[ChromeDriver: chrome on WINDOWS (3cb9d6e1338d6865c8be633f48db7d7e)] -> xpath: //font/mat-form-field/div/div/div/mat-select/div/div/span/span]
Se toma Camputa de la pantalla: Captura_GIC_Cuenta_De_Cobro
Se dio click sobre el elemento: Proxy element for: DefaultElementLocator 'By.id: mat-option-9'
Se toma Camputa de la pantalla: Captura_GIC_Cuenta_De_Cobro
Se dio click sobre el elemento: [[ChromeDriver: chrome on WINDOWS (3cb9d6e1338d6865c8be633f48db7d7e)] -> xpath: //span[@class='mat-select-placeholder ng-tns-c28-18 ng-star-inserted']]
Se toma Camputa de la pantalla: Captura_GIC_Cuenta_De_Cobro
]]></system-out>
  </testcase>
  <testcase name="| 79738646 | Anla2020* |" classname="| 79738646 | Anla2020* |" time="0.01">
    <error message="No se pudo dar click sobre el elemento:  Proxy element for: DefaultElementLocator &apos;By.id: mat-option-22&apos;" type="java.lang.Exception">java.lang.Exception: No se pudo dar click sobre el elemento:  Proxy element for: DefaultElementLocator 'By.id: mat-option-22'
</error>
  </testcase>
  <testcase name="| 79738646 | Anla2020* |" classname="| 79738646 | Anla2020* |" time="1.112"/>
  <testcase name="| 79738646 | Anla2020* |" classname="| 79738646 | Anla2020* |" time="1.106"/>
  <testcase name="| 79738646 | Anla2020* |" classname="| 79738646 | Anla2020* |" time="1.291"/>
  <testcase name="Y ingresa informacion avance de las obligaciones especificas del contrato convenio" classname="| 79738646 | Anla2020* |" time="0">
    <skipped/>
  </testcase>
  <testcase name="Y sube los archivos obligatorios anexos y deducciones" classname="| 79738646 | Anla2020* |" time="0">
    <skipped/>
  </testcase>
  <testcase name="Entonces permite registro exitoso de la cuenta de cobro" classname="| 79738646 | Anla2020* |" time="0">
    <skipped/>
  </testcase>
  <testcase name="Dado el usario Revisor ingresa a la pagina de la aplicacion GIC" classname="| 79738646 | Anla2020* |" time="0"/>
  <testcase name="Cuando ingresar con Rol Revisor la Identificacion &quot;79738646&quot; y Contrasena &quot;Anla2020*&quot; a GIC" classname="| 79738646 | Anla2020* |" time="0"/>
  <testcase name="Y ingresa al menu Revisor Inicial" classname="| 79738646 | Anla2020* |" time="0"/>
  <testcase name="Y ingresa a la cuenta de cobro desde Revisor Inicial" classname="| 79738646 | Anla2020* |" time="0"/>
  <testcase name="Entonces permite el avance de la cuenta de cobro desde Revisor Inicial" classname="| 79738646 | Anla2020* |" time="0"/>
  <testcase name="Dado el usario Apoyo Supervision ingresa a la pagina de la aplicacion GIC" classname="| 79738646 | Anla2020* |" time="0"/>
  <testcase name="Cuando ingresar con Rol Apoyo Supervision la Identificacion &quot;79738646&quot; y Contrasena &quot;Anla2020*&quot; a GIC" classname="| 79738646 | Anla2020* |" time="0"/>
  <testcase name="Y ingresa al menu Apoyo Supervision" classname="| 79738646 | Anla2020* |" time="0"/>
  <testcase name="Y ingresa a la cuenta de cobro desde Apoyo Supervision" classname="| 79738646 | Anla2020* |" time="0"/>
  <testcase name="Entonces permite el avance de la cuenta de cobro desde Apoyo Supervision" classname="| 79738646 | Anla2020* |" time="0"/>
  <testcase name="Dado el usario Supervisor ingresa a la pagina de la aplicacion GIC" classname="| 79738646 | Anla2020* |" time="0"/>
  <testcase name="Cuando ingresar con Rol Supervisor la Identificacion &quot;79738646&quot; y Contrasena &quot;Anla2020*&quot; a GIC" classname="| 79738646 | Anla2020* |" time="0"/>
  <testcase name="Y ingresa al menu Supervisor" classname="| 79738646 | Anla2020* |" time="0"/>
  <testcase name="Y ingresa a la cuenta de cobro desde Supervisor" classname="| 79738646 | Anla2020* |" time="0"/>
  <testcase name="Entonces permite el avance de la cuenta de cobro desde Supervisor" classname="| 79738646 | Anla2020* |" time="0"/>
</testsuite>